2025-12-29T10:40:36,921 [background-preinit] INFO  [] org.hibernate.validator.internal.util.Version - HV000001: Hibernate Validator 8.0.2.Final
2025-12-29T10:40:36,949 [main] INFO  [] com.example.springrest.Application - Starting Application using Java 21.0.9 with PID 7576 (/Users/danyoh/XXX-AI/sr-base01/spring-rest01/build/classes/java/main started by danyoh in /Users/danyoh/XXX-AI/sr-base01)
2025-12-29T10:40:36,951 [main] DEBUG [] com.example.springrest.Application - Running with Spring Boot v3.4.1, Spring v6.2.1
2025-12-29T10:40:36,952 [main] INFO  [] com.example.springrest.Application - The following 1 profile is active: "dev"
2025-12-29T10:40:37,855 [main] INFO  [] org.springframework.boot.web.embedded.tomcat.TomcatWebServer - Tomcat initialized with port 8080 (http)
2025-12-29T10:40:37,865 [main] INFO  [] org.apache.coyote.http11.Http11NioProtocol - Initializing ProtocolHandler ["http-nio-8080"]
2025-12-29T10:40:37,866 [main] INFO  [] org.apache.catalina.core.StandardService - Starting service [Tomcat]
2025-12-29T10:40:37,866 [main] INFO  [] org.apache.catalina.core.StandardEngine - Starting Servlet engine: [Apache Tomcat/10.1.34]
2025-12-29T10:40:37,896 [main] INFO  [] org.apache.catalina.core.ContainerBase.[Tomcat].[localhost].[/] - Initializing Spring embedded WebApplicationContext
2025-12-29T10:40:37,897 [main] INFO  [] org.springframework.boot.web.servlet.context.ServletWebServerApplicationContext - Root WebApplicationContext: initialization completed in 921 ms
2025-12-29T10:40:37,975 [main] DEBUG [] com.example.springrest.global.security.JwtAuthenticationFilter - Filter 'jwtAuthenticationFilter' configured for use
2025-12-29T10:40:37,976 [main] DEBUG [] com.example.springrest.global.filter.RequestIdFilter - Filter 'requestIdFilter' configured for use
2025-12-29T10:40:38,208 [main] INFO  [] com.zaxxer.hikari.HikariDataSource - HikariPool-1 - Starting...
2025-12-29T10:40:38,337 [main] INFO  [] com.zaxxer.hikari.pool.HikariPool - HikariPool-1 - Added connection org.postgresql.jdbc.PgConnection@79273a4f
2025-12-29T10:40:38,337 [main] INFO  [] com.zaxxer.hikari.HikariDataSource - HikariPool-1 - Start completed.
2025-12-29T10:40:38,354 [main] INFO  [] org.flywaydb.core.FlywayExecutor - Database: jdbc:postgresql://localhost:5432/postgres (PostgreSQL 16.6)
2025-12-29T10:40:38,436 [main] INFO  [] org.flywaydb.core.internal.command.DbMigrate - Current version of schema "public": 4
2025-12-29T10:40:38,438 [main] INFO  [] org.flywaydb.core.internal.command.DbMigrate - Schema "public" is up to date. No migration necessary.
2025-12-29T10:40:38,574 [main] WARN  [] org.springframework.boot.autoconfigure.security.servlet.UserDetailsServiceAutoConfiguration - 

Using generated security password: f5074b8d-eaf4-4448-afd7-45675fc17759

This generated password is for development use only. Your security configuration must be updated before running your application in production.

2025-12-29T10:40:38,615 [main] INFO  [] org.springframework.boot.autoconfigure.web.servlet.WelcomePageHandlerMapping - Adding welcome page: class path resource [static/index.html]
2025-12-29T10:40:38,740 [main] INFO  [] org.springframework.boot.actuate.endpoint.web.EndpointLinksResolver - Exposing 2 endpoints beneath base path '/actuator'
2025-12-29T10:40:38,946 [main] INFO  [] org.apache.coyote.http11.Http11NioProtocol - Starting ProtocolHandler ["http-nio-8080"]
2025-12-29T10:40:38,955 [main] INFO  [] org.springframework.boot.web.embedded.tomcat.TomcatWebServer - Tomcat started on port 8080 (http) with context path '/'
2025-12-29T10:40:38,975 [main] INFO  [] com.example.springrest.Application - Started Application in 2.243 seconds (process running for 2.811)
2025-12-29T10:41:19,105 [http-nio-8080-exec-1] INFO  [] org.apache.catalina.core.ContainerBase.[Tomcat].[localhost].[/] - Initializing Spring DispatcherServlet 'dispatcherServlet'
2025-12-29T10:41:19,106 [http-nio-8080-exec-1] INFO  [] org.springframework.web.servlet.DispatcherServlet - Initializing Servlet 'dispatcherServlet'
2025-12-29T10:41:19,107 [http-nio-8080-exec-1] INFO  [] org.springframework.web.servlet.DispatcherServlet - Completed initialization in 0 ms
2025-12-29T10:41:19,224 [http-nio-8080-exec-1] INFO  [5236a63a-c7e3-471b-8b48-82ee360d6ef2] com.example.springrest.domain.auth.controller.AuthController - Login attempt for user: admin from IP: 0:0:0:0:0:0:0:1
2025-12-29T10:41:19,246 [http-nio-8080-exec-1] DEBUG [5236a63a-c7e3-471b-8b48-82ee360d6ef2] com.example.springrest.domain.user.repository.UserInfoMapper.findById - ==>  Preparing: SELECT USER_ID, USER_EMAIL, USER_MOBILE, USER_NAME, USER_NICK, USER_PWD, USER_MSG, USER_DESC, USER_STAT_CD, USER_SNSID, USE_YN, ACCOUNT_NON_LOCK, PASSWORD_LOCK_CNT, ACCOUNT_START_DT, ACCOUNT_END_DT, PASSWORD_EXPIRE_DT, MDM_YN, SYS_INSERT_DTM, SYS_INSERT_USER_ID, SYS_UPDATE_DTM, SYS_UPDATE_USER_ID FROM CHMM_USER_INFO WHERE USER_ID = ?
2025-12-29T10:41:19,253 [http-nio-8080-exec-1] DEBUG [5236a63a-c7e3-471b-8b48-82ee360d6ef2] com.example.springrest.domain.user.repository.UserInfoMapper.findById - ==> Parameters: admin(String)
2025-12-29T10:41:19,263 [http-nio-8080-exec-1] DEBUG [5236a63a-c7e3-471b-8b48-82ee360d6ef2] com.example.springrest.domain.user.repository.UserInfoMapper.findById - <==      Total: 0
2025-12-29T10:41:47,976 [http-nio-8080-exec-1] WARN  [5236a63a-c7e3-471b-8b48-82ee360d6ef2] com.example.springrest.global.exception.GlobalExceptionHandler - Authentication failed: Invalid username or password
2025-12-29T10:44:55,625 [http-nio-8080-exec-2] INFO  [46ebe2dd-465a-45ab-9c71-c93c82cea1bd] com.example.springrest.domain.auth.controller.AuthController - Login attempt for user: admin from IP: 0:0:0:0:0:0:0:1
2025-12-29T10:44:55,628 [http-nio-8080-exec-2] DEBUG [46ebe2dd-465a-45ab-9c71-c93c82cea1bd] com.example.springrest.domain.user.repository.UserInfoMapper.findById - ==>  Preparing: SELECT USER_ID, USER_EMAIL, USER_MOBILE, USER_NAME, USER_NICK, USER_PWD, USER_MSG, USER_DESC, USER_STAT_CD, USER_SNSID, USE_YN, ACCOUNT_NON_LOCK, PASSWORD_LOCK_CNT, ACCOUNT_START_DT, ACCOUNT_END_DT, PASSWORD_EXPIRE_DT, MDM_YN, SYS_INSERT_DTM, SYS_INSERT_USER_ID, SYS_UPDATE_DTM, SYS_UPDATE_USER_ID FROM CHMM_USER_INFO WHERE USER_ID = ?
2025-12-29T10:44:55,628 [http-nio-8080-exec-2] DEBUG [46ebe2dd-465a-45ab-9c71-c93c82cea1bd] com.example.springrest.domain.user.repository.UserInfoMapper.findById - ==> Parameters: admin(String)
2025-12-29T10:44:55,631 [http-nio-8080-exec-2] DEBUG [46ebe2dd-465a-45ab-9c71-c93c82cea1bd] com.example.springrest.domain.user.repository.UserInfoMapper.findById - <==      Total: 1
2025-12-29T10:45:41,561 [http-nio-8080-exec-2] INFO  [46ebe2dd-465a-45ab-9c71-c93c82cea1bd] com.example.springrest.domain.auth.service.AuthService - User admin logged in successfully
2025-12-29T10:45:41,565 [http-nio-8080-exec-2] INFO  [46ebe2dd-465a-45ab-9c71-c93c82cea1bd] com.example.springrest.domain.auth.controller.AuthController - Login successful for user: admin
2025-12-29T10:45:47,927 [http-nio-8080-exec-3] INFO  [b3ebce2e-b97c-4686-869c-ac1dda2fbea8] com.example.springrest.domain.auth.controller.AuthController - Login attempt for user: admin from IP: 0:0:0:0:0:0:0:1
2025-12-29T10:45:47,929 [http-nio-8080-exec-3] DEBUG [b3ebce2e-b97c-4686-869c-ac1dda2fbea8] com.example.springrest.domain.user.repository.UserInfoMapper.findById - ==>  Preparing: SELECT USER_ID, USER_EMAIL, USER_MOBILE, USER_NAME, USER_NICK, USER_PWD, USER_MSG, USER_DESC, USER_STAT_CD, USER_SNSID, USE_YN, ACCOUNT_NON_LOCK, PASSWORD_LOCK_CNT, ACCOUNT_START_DT, ACCOUNT_END_DT, PASSWORD_EXPIRE_DT, MDM_YN, SYS_INSERT_DTM, SYS_INSERT_USER_ID, SYS_UPDATE_DTM, SYS_UPDATE_USER_ID FROM CHMM_USER_INFO WHERE USER_ID = ?
2025-12-29T10:45:47,929 [http-nio-8080-exec-3] DEBUG [b3ebce2e-b97c-4686-869c-ac1dda2fbea8] com.example.springrest.domain.user.repository.UserInfoMapper.findById - ==> Parameters: admin(String)
2025-12-29T10:45:47,931 [http-nio-8080-exec-3] DEBUG [b3ebce2e-b97c-4686-869c-ac1dda2fbea8] com.example.springrest.domain.user.repository.UserInfoMapper.findById - <==      Total: 1
2025-12-29T10:45:54,928 [http-nio-8080-exec-3] INFO  [b3ebce2e-b97c-4686-869c-ac1dda2fbea8] com.example.springrest.domain.auth.service.AuthService - User admin logged in successfully
2025-12-29T10:45:54,930 [http-nio-8080-exec-3] INFO  [b3ebce2e-b97c-4686-869c-ac1dda2fbea8] com.example.springrest.domain.auth.controller.AuthController - Login successful for user: admin
2025-12-29T10:46:08,430 [http-nio-8080-exec-4] DEBUG [1c2903aa-4704-41e3-818e-abb951f0f08d] com.example.springrest.global.security.JwtAuthenticationFilter - JWT authentication successful for user: admin
2025-12-29T10:46:08,478 [http-nio-8080-exec-4] DEBUG [1c2903aa-4704-41e3-818e-abb951f0f08d] com.example.springrest.domain.user.repository.UserInfoMapper.findAll_COUNT - ==>  Preparing: SELECT count(0) FROM CHMM_USER_INFO
2025-12-29T10:46:08,478 [http-nio-8080-exec-4] DEBUG [1c2903aa-4704-41e3-818e-abb951f0f08d] com.example.springrest.domain.user.repository.UserInfoMapper.findAll_COUNT - ==> Parameters: 
2025-12-29T10:46:08,481 [http-nio-8080-exec-4] DEBUG [1c2903aa-4704-41e3-818e-abb951f0f08d] com.example.springrest.domain.user.repository.UserInfoMapper.findAll_COUNT - <==      Total: 1
2025-12-29T10:46:08,482 [http-nio-8080-exec-4] DEBUG [1c2903aa-4704-41e3-818e-abb951f0f08d] com.example.springrest.domain.user.repository.UserInfoMapper.findAll - ==>  Preparing: SELECT USER_ID, USER_EMAIL, USER_MOBILE, USER_NAME, USER_NICK, USER_PWD, USER_MSG, USER_DESC, USER_STAT_CD, USER_SNSID, USE_YN, ACCOUNT_NON_LOCK, PASSWORD_LOCK_CNT, ACCOUNT_START_DT, ACCOUNT_END_DT, PASSWORD_EXPIRE_DT, MDM_YN, SYS_INSERT_DTM, SYS_INSERT_USER_ID, SYS_UPDATE_DTM, SYS_UPDATE_USER_ID FROM CHMM_USER_INFO LIMIT ?
2025-12-29T10:46:08,482 [http-nio-8080-exec-4] DEBUG [1c2903aa-4704-41e3-818e-abb951f0f08d] com.example.springrest.domain.user.repository.UserInfoMapper.findAll - ==> Parameters: 10(Integer)
2025-12-29T10:46:08,484 [http-nio-8080-exec-4] DEBUG [1c2903aa-4704-41e3-818e-abb951f0f08d] com.example.springrest.domain.user.repository.UserInfoMapper.findAll - <==      Total: 1
2025-12-29T10:46:52,654 [http-nio-8080-exec-5] DEBUG [39e99c17-a972-4ea5-8109-ca9bb1ddc35f] com.example.springrest.global.security.JwtAuthenticationFilter - JWT authentication successful for user: admin
2025-12-29T10:46:52,663 [http-nio-8080-exec-5] DEBUG [39e99c17-a972-4ea5-8109-ca9bb1ddc35f] com.example.springrest.domain.user.repository.UserInfoMapper.findAll_COUNT - ==>  Preparing: SELECT count(0) FROM CHMM_USER_INFO
2025-12-29T10:46:52,663 [http-nio-8080-exec-5] DEBUG [39e99c17-a972-4ea5-8109-ca9bb1ddc35f] com.example.springrest.domain.user.repository.UserInfoMapper.findAll_COUNT - ==> Parameters: 
2025-12-29T10:46:52,664 [http-nio-8080-exec-5] DEBUG [39e99c17-a972-4ea5-8109-ca9bb1ddc35f] com.example.springrest.domain.user.repository.UserInfoMapper.findAll_COUNT - <==      Total: 1
2025-12-29T10:46:52,665 [http-nio-8080-exec-5] DEBUG [39e99c17-a972-4ea5-8109-ca9bb1ddc35f] com.example.springrest.domain.user.repository.UserInfoMapper.findAll - ==>  Preparing: SELECT USER_ID, USER_EMAIL, USER_MOBILE, USER_NAME, USER_NICK, USER_PWD, USER_MSG, USER_DESC, USER_STAT_CD, USER_SNSID, USE_YN, ACCOUNT_NON_LOCK, PASSWORD_LOCK_CNT, ACCOUNT_START_DT, ACCOUNT_END_DT, PASSWORD_EXPIRE_DT, MDM_YN, SYS_INSERT_DTM, SYS_INSERT_USER_ID, SYS_UPDATE_DTM, SYS_UPDATE_USER_ID FROM CHMM_USER_INFO LIMIT ?
2025-12-29T10:46:52,665 [http-nio-8080-exec-5] DEBUG [39e99c17-a972-4ea5-8109-ca9bb1ddc35f] com.example.springrest.domain.user.repository.UserInfoMapper.findAll - ==> Parameters: 10(Integer)
2025-12-29T10:46:52,673 [http-nio-8080-exec-5] DEBUG [39e99c17-a972-4ea5-8109-ca9bb1ddc35f] com.example.springrest.domain.user.repository.UserInfoMapper.findAll - <==      Total: 1
2025-12-29T10:47:35,453 [http-nio-8080-exec-7] DEBUG [d31d8a89-1a65-4bef-ba38-16c0eed45205] com.example.springrest.global.security.JwtAuthenticationFilter - JWT authentication successful for user: admin
2025-12-29T10:47:35,461 [http-nio-8080-exec-7] DEBUG [d31d8a89-1a65-4bef-ba38-16c0eed45205] com.example.springrest.domain.user.repository.UserInfoMapper.findAll_COUNT - ==>  Preparing: SELECT count(0) FROM CHMM_USER_INFO
2025-12-29T10:47:35,462 [http-nio-8080-exec-7] DEBUG [d31d8a89-1a65-4bef-ba38-16c0eed45205] com.example.springrest.domain.user.repository.UserInfoMapper.findAll_COUNT - ==> Parameters: 
2025-12-29T10:47:35,463 [http-nio-8080-exec-7] DEBUG [d31d8a89-1a65-4bef-ba38-16c0eed45205] com.example.springrest.domain.user.repository.UserInfoMapper.findAll_COUNT - <==      Total: 1
2025-12-29T10:47:35,463 [http-nio-8080-exec-7] DEBUG [d31d8a89-1a65-4bef-ba38-16c0eed45205] com.example.springrest.domain.user.repository.UserInfoMapper.findAll - ==>  Preparing: SELECT USER_ID, USER_EMAIL, USER_MOBILE, USER_NAME, USER_NICK, USER_PWD, USER_MSG, USER_DESC, USER_STAT_CD, USER_SNSID, USE_YN, ACCOUNT_NON_LOCK, PASSWORD_LOCK_CNT, ACCOUNT_START_DT, ACCOUNT_END_DT, PASSWORD_EXPIRE_DT, MDM_YN, SYS_INSERT_DTM, SYS_INSERT_USER_ID, SYS_UPDATE_DTM, SYS_UPDATE_USER_ID FROM CHMM_USER_INFO LIMIT ?
2025-12-29T10:47:35,463 [http-nio-8080-exec-7] DEBUG [d31d8a89-1a65-4bef-ba38-16c0eed45205] com.example.springrest.domain.user.repository.UserInfoMapper.findAll - ==> Parameters: 10(Integer)
2025-12-29T10:47:35,465 [http-nio-8080-exec-7] DEBUG [d31d8a89-1a65-4bef-ba38-16c0eed45205] com.example.springrest.domain.user.repository.UserInfoMapper.findAll - <==      Total: 1
2025-12-29T10:48:14,683 [http-nio-8080-exec-6] DEBUG [3ba11815-75a4-48fc-82bc-281c93153687] com.example.springrest.global.security.JwtAuthenticationFilter - JWT authentication successful for user: admin
2025-12-29T10:48:14,691 [http-nio-8080-exec-6] DEBUG [3ba11815-75a4-48fc-82bc-281c93153687] com.example.springrest.domain.user.repository.UserInfoMapper.findAll_COUNT - ==>  Preparing: SELECT count(0) FROM CHMM_USER_INFO
2025-12-29T10:48:14,691 [http-nio-8080-exec-6] DEBUG [3ba11815-75a4-48fc-82bc-281c93153687] com.example.springrest.domain.user.repository.UserInfoMapper.findAll_COUNT - ==> Parameters: 
2025-12-29T10:48:14,693 [http-nio-8080-exec-6] DEBUG [3ba11815-75a4-48fc-82bc-281c93153687] com.example.springrest.domain.user.repository.UserInfoMapper.findAll_COUNT - <==      Total: 1
2025-12-29T10:48:14,693 [http-nio-8080-exec-6] DEBUG [3ba11815-75a4-48fc-82bc-281c93153687] com.example.springrest.domain.user.repository.UserInfoMapper.findAll - ==>  Preparing: SELECT USER_ID, USER_EMAIL, USER_MOBILE, USER_NAME, USER_NICK, USER_PWD, USER_MSG, USER_DESC, USER_STAT_CD, USER_SNSID, USE_YN, ACCOUNT_NON_LOCK, PASSWORD_LOCK_CNT, ACCOUNT_START_DT, ACCOUNT_END_DT, PASSWORD_EXPIRE_DT, MDM_YN, SYS_INSERT_DTM, SYS_INSERT_USER_ID, SYS_UPDATE_DTM, SYS_UPDATE_USER_ID FROM CHMM_USER_INFO LIMIT ?
2025-12-29T10:48:14,693 [http-nio-8080-exec-6] DEBUG [3ba11815-75a4-48fc-82bc-281c93153687] com.example.springrest.domain.user.repository.UserInfoMapper.findAll - ==> Parameters: 10(Integer)
2025-12-29T10:48:14,695 [http-nio-8080-exec-6] DEBUG [3ba11815-75a4-48fc-82bc-281c93153687] com.example.springrest.domain.user.repository.UserInfoMapper.findAll - <==      Total: 1
2025-12-29T10:57:02,125 [http-nio-8080-exec-8] DEBUG [3fbbfbcc-d060-4a9e-a0d0-2928d3465b60] com.example.springrest.global.security.JwtAuthenticationFilter - JWT authentication successful for user: admin
2025-12-29T10:57:02,135 [http-nio-8080-exec-8] DEBUG [3fbbfbcc-d060-4a9e-a0d0-2928d3465b60] com.example.springrest.domain.user.repository.UserInfoMapper.findAll_COUNT - ==>  Preparing: SELECT count(0) FROM CHMM_USER_INFO
2025-12-29T10:57:02,136 [http-nio-8080-exec-8] DEBUG [3fbbfbcc-d060-4a9e-a0d0-2928d3465b60] com.example.springrest.domain.user.repository.UserInfoMapper.findAll_COUNT - ==> Parameters: 
2025-12-29T10:57:02,144 [http-nio-8080-exec-8] DEBUG [3fbbfbcc-d060-4a9e-a0d0-2928d3465b60] com.example.springrest.domain.user.repository.UserInfoMapper.findAll_COUNT - <==      Total: 1
2025-12-29T10:57:02,145 [http-nio-8080-exec-8] DEBUG [3fbbfbcc-d060-4a9e-a0d0-2928d3465b60] com.example.springrest.domain.user.repository.UserInfoMapper.findAll - ==>  Preparing: SELECT USER_ID, USER_EMAIL, USER_MOBILE, USER_NAME, USER_NICK, USER_PWD, USER_MSG, USER_DESC, USER_STAT_CD, USER_SNSID, USE_YN, ACCOUNT_NON_LOCK, PASSWORD_LOCK_CNT, ACCOUNT_START_DT, ACCOUNT_END_DT, PASSWORD_EXPIRE_DT, MDM_YN, SYS_INSERT_DTM, SYS_INSERT_USER_ID, SYS_UPDATE_DTM, SYS_UPDATE_USER_ID FROM CHMM_USER_INFO LIMIT ?
2025-12-29T10:57:02,145 [http-nio-8080-exec-8] DEBUG [3fbbfbcc-d060-4a9e-a0d0-2928d3465b60] com.example.springrest.domain.user.repository.UserInfoMapper.findAll - ==> Parameters: 10(Integer)
2025-12-29T10:57:02,147 [http-nio-8080-exec-8] DEBUG [3fbbfbcc-d060-4a9e-a0d0-2928d3465b60] com.example.springrest.domain.user.repository.UserInfoMapper.findAll - <==      Total: 1
2025-12-29T10:58:07,020 [http-nio-8080-exec-9] DEBUG [5314de5f-eb0a-44f7-90fa-c3c131a0d04b] com.example.springrest.global.security.JwtAuthenticationFilter - JWT authentication successful for user: admin
2025-12-29T10:58:07,027 [http-nio-8080-exec-9] DEBUG [5314de5f-eb0a-44f7-90fa-c3c131a0d04b] com.example.springrest.domain.user.repository.UserInfoMapper.findAll_COUNT - ==>  Preparing: SELECT count(0) FROM CHMM_USER_INFO
2025-12-29T10:58:07,028 [http-nio-8080-exec-9] DEBUG [5314de5f-eb0a-44f7-90fa-c3c131a0d04b] com.example.springrest.domain.user.repository.UserInfoMapper.findAll_COUNT - ==> Parameters: 
2025-12-29T10:58:07,029 [http-nio-8080-exec-9] DEBUG [5314de5f-eb0a-44f7-90fa-c3c131a0d04b] com.example.springrest.domain.user.repository.UserInfoMapper.findAll_COUNT - <==      Total: 1
2025-12-29T10:58:07,029 [http-nio-8080-exec-9] DEBUG [5314de5f-eb0a-44f7-90fa-c3c131a0d04b] com.example.springrest.domain.user.repository.UserInfoMapper.findAll - ==>  Preparing: SELECT USER_ID, USER_EMAIL, USER_MOBILE, USER_NAME, USER_NICK, USER_PWD, USER_MSG, USER_DESC, USER_STAT_CD, USER_SNSID, USE_YN, ACCOUNT_NON_LOCK, PASSWORD_LOCK_CNT, ACCOUNT_START_DT, ACCOUNT_END_DT, PASSWORD_EXPIRE_DT, MDM_YN, SYS_INSERT_DTM, SYS_INSERT_USER_ID, SYS_UPDATE_DTM, SYS_UPDATE_USER_ID FROM CHMM_USER_INFO LIMIT ?
2025-12-29T10:58:07,029 [http-nio-8080-exec-9] DEBUG [5314de5f-eb0a-44f7-90fa-c3c131a0d04b] com.example.springrest.domain.user.repository.UserInfoMapper.findAll - ==> Parameters: 10(Integer)
2025-12-29T10:58:07,031 [http-nio-8080-exec-9] DEBUG [5314de5f-eb0a-44f7-90fa-c3c131a0d04b] com.example.springrest.domain.user.repository.UserInfoMapper.findAll - <==      Total: 1
2025-12-29T10:58:07,039 [http-nio-8080-exec-10] DEBUG [deb49eb2-d803-456f-8ca9-ff49c8e51d18] com.example.springrest.global.security.JwtAuthenticationFilter - JWT authentication successful for user: admin
2025-12-29T10:58:07,043 [http-nio-8080-exec-10] DEBUG [deb49eb2-d803-456f-8ca9-ff49c8e51d18] com.example.springrest.domain.user.repository.UserInfoMapper.findAll_COUNT - ==>  Preparing: SELECT count(0) FROM CHMM_USER_INFO
2025-12-29T10:58:07,043 [http-nio-8080-exec-10] DEBUG [deb49eb2-d803-456f-8ca9-ff49c8e51d18] com.example.springrest.domain.user.repository.UserInfoMapper.findAll_COUNT - ==> Parameters: 
2025-12-29T10:58:07,045 [http-nio-8080-exec-10] DEBUG [deb49eb2-d803-456f-8ca9-ff49c8e51d18] com.example.springrest.domain.user.repository.UserInfoMapper.findAll_COUNT - <==      Total: 1
2025-12-29T10:58:07,046 [http-nio-8080-exec-10] DEBUG [deb49eb2-d803-456f-8ca9-ff49c8e51d18] com.example.springrest.domain.user.repository.UserInfoMapper.findAll - ==>  Preparing: SELECT USER_ID, USER_EMAIL, USER_MOBILE, USER_NAME, USER_NICK, USER_PWD, USER_MSG, USER_DESC, USER_STAT_CD, USER_SNSID, USE_YN, ACCOUNT_NON_LOCK, PASSWORD_LOCK_CNT, ACCOUNT_START_DT, ACCOUNT_END_DT, PASSWORD_EXPIRE_DT, MDM_YN, SYS_INSERT_DTM, SYS_INSERT_USER_ID, SYS_UPDATE_DTM, SYS_UPDATE_USER_ID FROM CHMM_USER_INFO LIMIT ?
2025-12-29T10:58:07,046 [http-nio-8080-exec-10] DEBUG [deb49eb2-d803-456f-8ca9-ff49c8e51d18] com.example.springrest.domain.user.repository.UserInfoMapper.findAll - ==> Parameters: 10(Integer)
2025-12-29T10:58:07,048 [http-nio-8080-exec-10] DEBUG [deb49eb2-d803-456f-8ca9-ff49c8e51d18] com.example.springrest.domain.user.repository.UserInfoMapper.findAll - <==      Total: 1
2025-12-29T10:59:09,107 [http-nio-8080-exec-1] DEBUG [13b4b803-e6db-4a7d-9bf2-90a0b02a2faf] com.example.springrest.global.security.JwtAuthenticationFilter - JWT authentication successful for user: admin
2025-12-29T10:59:09,114 [http-nio-8080-exec-1] DEBUG [13b4b803-e6db-4a7d-9bf2-90a0b02a2faf] com.example.springrest.domain.user.repository.UserInfoMapper.findAll_COUNT - ==>  Preparing: SELECT count(0) FROM CHMM_USER_INFO
2025-12-29T10:59:09,114 [http-nio-8080-exec-1] DEBUG [13b4b803-e6db-4a7d-9bf2-90a0b02a2faf] com.example.springrest.domain.user.repository.UserInfoMapper.findAll_COUNT - ==> Parameters: 
2025-12-29T10:59:09,115 [http-nio-8080-exec-1] DEBUG [13b4b803-e6db-4a7d-9bf2-90a0b02a2faf] com.example.springrest.domain.user.repository.UserInfoMapper.findAll_COUNT - <==      Total: 1
2025-12-29T10:59:09,115 [http-nio-8080-exec-1] DEBUG [13b4b803-e6db-4a7d-9bf2-90a0b02a2faf] com.example.springrest.domain.user.repository.UserInfoMapper.findAll - ==>  Preparing: SELECT USER_ID, USER_EMAIL, USER_MOBILE, USER_NAME, USER_NICK, USER_PWD, USER_MSG, USER_DESC, USER_STAT_CD, USER_SNSID, USE_YN, ACCOUNT_NON_LOCK, PASSWORD_LOCK_CNT, ACCOUNT_START_DT, ACCOUNT_END_DT, PASSWORD_EXPIRE_DT, MDM_YN, SYS_INSERT_DTM, SYS_INSERT_USER_ID, SYS_UPDATE_DTM, SYS_UPDATE_USER_ID FROM CHMM_USER_INFO LIMIT ?
2025-12-29T10:59:09,115 [http-nio-8080-exec-1] DEBUG [13b4b803-e6db-4a7d-9bf2-90a0b02a2faf] com.example.springrest.domain.user.repository.UserInfoMapper.findAll - ==> Parameters: 10(Integer)
2025-12-29T10:59:09,117 [http-nio-8080-exec-1] DEBUG [13b4b803-e6db-4a7d-9bf2-90a0b02a2faf] com.example.springrest.domain.user.repository.UserInfoMapper.findAll - <==      Total: 1
2025-12-29T10:59:09,124 [http-nio-8080-exec-2] DEBUG [09765ad5-b1c7-4014-a191-9f91a9c85409] com.example.springrest.global.security.JwtAuthenticationFilter - JWT authentication successful for user: admin
2025-12-29T10:59:09,138 [http-nio-8080-exec-2] DEBUG [09765ad5-b1c7-4014-a191-9f91a9c85409] com.example.springrest.domain.user.repository.UserInfoMapper.findAll_COUNT - ==>  Preparing: SELECT count(0) FROM CHMM_USER_INFO
2025-12-29T10:59:09,138 [http-nio-8080-exec-2] DEBUG [09765ad5-b1c7-4014-a191-9f91a9c85409] com.example.springrest.domain.user.repository.UserInfoMapper.findAll_COUNT - ==> Parameters: 
2025-12-29T10:59:09,140 [http-nio-8080-exec-2] DEBUG [09765ad5-b1c7-4014-a191-9f91a9c85409] com.example.springrest.domain.user.repository.UserInfoMapper.findAll_COUNT - <==      Total: 1
2025-12-29T10:59:09,140 [http-nio-8080-exec-2] DEBUG [09765ad5-b1c7-4014-a191-9f91a9c85409] com.example.springrest.domain.user.repository.UserInfoMapper.findAll - ==>  Preparing: SELECT USER_ID, USER_EMAIL, USER_MOBILE, USER_NAME, USER_NICK, USER_PWD, USER_MSG, USER_DESC, USER_STAT_CD, USER_SNSID, USE_YN, ACCOUNT_NON_LOCK, PASSWORD_LOCK_CNT, ACCOUNT_START_DT, ACCOUNT_END_DT, PASSWORD_EXPIRE_DT, MDM_YN, SYS_INSERT_DTM, SYS_INSERT_USER_ID, SYS_UPDATE_DTM, SYS_UPDATE_USER_ID FROM CHMM_USER_INFO LIMIT ?
2025-12-29T10:59:09,140 [http-nio-8080-exec-2] DEBUG [09765ad5-b1c7-4014-a191-9f91a9c85409] com.example.springrest.domain.user.repository.UserInfoMapper.findAll - ==> Parameters: 10(Integer)
2025-12-29T10:59:09,141 [http-nio-8080-exec-2] DEBUG [09765ad5-b1c7-4014-a191-9f91a9c85409] com.example.springrest.domain.user.repository.UserInfoMapper.findAll - <==      Total: 1
2025-12-29T11:00:00,252 [http-nio-8080-exec-3] DEBUG [5b95e5b2-6d7a-470d-a0fc-eda6eafe4beb] com.example.springrest.global.security.JwtAuthenticationFilter - JWT authentication successful for user: admin
2025-12-29T11:00:00,260 [http-nio-8080-exec-3] DEBUG [5b95e5b2-6d7a-470d-a0fc-eda6eafe4beb] com.example.springrest.domain.user.repository.UserInfoMapper.findAll_COUNT - ==>  Preparing: SELECT count(0) FROM CHMM_USER_INFO
2025-12-29T11:00:00,260 [http-nio-8080-exec-3] DEBUG [5b95e5b2-6d7a-470d-a0fc-eda6eafe4beb] com.example.springrest.domain.user.repository.UserInfoMapper.findAll_COUNT - ==> Parameters: 
2025-12-29T11:00:00,261 [http-nio-8080-exec-3] DEBUG [5b95e5b2-6d7a-470d-a0fc-eda6eafe4beb] com.example.springrest.domain.user.repository.UserInfoMapper.findAll_COUNT - <==      Total: 1
2025-12-29T11:00:00,262 [http-nio-8080-exec-3] DEBUG [5b95e5b2-6d7a-470d-a0fc-eda6eafe4beb] com.example.springrest.domain.user.repository.UserInfoMapper.findAll - ==>  Preparing: SELECT USER_ID, USER_EMAIL, USER_MOBILE, USER_NAME, USER_NICK, USER_PWD, USER_MSG, USER_DESC, USER_STAT_CD, USER_SNSID, USE_YN, ACCOUNT_NON_LOCK, PASSWORD_LOCK_CNT, ACCOUNT_START_DT, ACCOUNT_END_DT, PASSWORD_EXPIRE_DT, MDM_YN, SYS_INSERT_DTM, SYS_INSERT_USER_ID, SYS_UPDATE_DTM, SYS_UPDATE_USER_ID FROM CHMM_USER_INFO LIMIT ?
2025-12-29T11:00:00,262 [http-nio-8080-exec-3] DEBUG [5b95e5b2-6d7a-470d-a0fc-eda6eafe4beb] com.example.springrest.domain.user.repository.UserInfoMapper.findAll - ==> Parameters: 10(Integer)
2025-12-29T11:00:00,263 [http-nio-8080-exec-3] DEBUG [5b95e5b2-6d7a-470d-a0fc-eda6eafe4beb] com.example.springrest.domain.user.repository.UserInfoMapper.findAll - <==      Total: 1
2025-12-29T11:00:02,206 [http-nio-8080-exec-4] DEBUG [c1495dc7-2c99-4b8f-ab73-e1638a8009ec] com.example.springrest.global.security.JwtAuthenticationFilter - JWT authentication successful for user: admin
2025-12-29T11:00:02,212 [http-nio-8080-exec-4] DEBUG [c1495dc7-2c99-4b8f-ab73-e1638a8009ec] com.example.springrest.domain.user.repository.UserInfoMapper.findAll_COUNT - ==>  Preparing: SELECT count(0) FROM CHMM_USER_INFO
2025-12-29T11:00:02,212 [http-nio-8080-exec-4] DEBUG [c1495dc7-2c99-4b8f-ab73-e1638a8009ec] com.example.springrest.domain.user.repository.UserInfoMapper.findAll_COUNT - ==> Parameters: 
2025-12-29T11:00:02,213 [http-nio-8080-exec-4] DEBUG [c1495dc7-2c99-4b8f-ab73-e1638a8009ec] com.example.springrest.domain.user.repository.UserInfoMapper.findAll_COUNT - <==      Total: 1
2025-12-29T11:00:02,213 [http-nio-8080-exec-4] DEBUG [c1495dc7-2c99-4b8f-ab73-e1638a8009ec] com.example.springrest.domain.user.repository.UserInfoMapper.findAll - ==>  Preparing: SELECT USER_ID, USER_EMAIL, USER_MOBILE, USER_NAME, USER_NICK, USER_PWD, USER_MSG, USER_DESC, USER_STAT_CD, USER_SNSID, USE_YN, ACCOUNT_NON_LOCK, PASSWORD_LOCK_CNT, ACCOUNT_START_DT, ACCOUNT_END_DT, PASSWORD_EXPIRE_DT, MDM_YN, SYS_INSERT_DTM, SYS_INSERT_USER_ID, SYS_UPDATE_DTM, SYS_UPDATE_USER_ID FROM CHMM_USER_INFO LIMIT ?
2025-12-29T11:00:02,214 [http-nio-8080-exec-4] DEBUG [c1495dc7-2c99-4b8f-ab73-e1638a8009ec] com.example.springrest.domain.user.repository.UserInfoMapper.findAll - ==> Parameters: 10(Integer)
2025-12-29T11:00:02,215 [http-nio-8080-exec-4] DEBUG [c1495dc7-2c99-4b8f-ab73-e1638a8009ec] com.example.springrest.domain.user.repository.UserInfoMapper.findAll - <==      Total: 1
2025-12-29T11:00:47,003 [http-nio-8080-exec-5] DEBUG [1ced3872-e89b-4f33-960f-c6551cda9140] com.example.springrest.global.security.JwtAuthenticationFilter - JWT authentication successful for user: admin
2025-12-29T11:00:47,009 [http-nio-8080-exec-5] DEBUG [1ced3872-e89b-4f33-960f-c6551cda9140] com.example.springrest.domain.user.repository.UserInfoMapper.findAll_COUNT - ==>  Preparing: SELECT count(0) FROM CHMM_USER_INFO
2025-12-29T11:00:47,009 [http-nio-8080-exec-5] DEBUG [1ced3872-e89b-4f33-960f-c6551cda9140] com.example.springrest.domain.user.repository.UserInfoMapper.findAll_COUNT - ==> Parameters: 
2025-12-29T11:00:47,011 [http-nio-8080-exec-5] DEBUG [1ced3872-e89b-4f33-960f-c6551cda9140] com.example.springrest.domain.user.repository.UserInfoMapper.findAll_COUNT - <==      Total: 1
2025-12-29T11:00:47,011 [http-nio-8080-exec-5] DEBUG [1ced3872-e89b-4f33-960f-c6551cda9140] com.example.springrest.domain.user.repository.UserInfoMapper.findAll - ==>  Preparing: SELECT USER_ID, USER_EMAIL, USER_MOBILE, USER_NAME, USER_NICK, USER_PWD, USER_MSG, USER_DESC, USER_STAT_CD, USER_SNSID, USE_YN, ACCOUNT_NON_LOCK, PASSWORD_LOCK_CNT, ACCOUNT_START_DT, ACCOUNT_END_DT, PASSWORD_EXPIRE_DT, MDM_YN, SYS_INSERT_DTM, SYS_INSERT_USER_ID, SYS_UPDATE_DTM, SYS_UPDATE_USER_ID FROM CHMM_USER_INFO LIMIT ?
2025-12-29T11:00:47,012 [http-nio-8080-exec-5] DEBUG [1ced3872-e89b-4f33-960f-c6551cda9140] com.example.springrest.domain.user.repository.UserInfoMapper.findAll - ==> Parameters: 10(Integer)
2025-12-29T11:00:47,013 [http-nio-8080-exec-5] DEBUG [1ced3872-e89b-4f33-960f-c6551cda9140] com.example.springrest.domain.user.repository.UserInfoMapper.findAll - <==      Total: 1
2025-12-29T11:01:12,939 [http-nio-8080-exec-7] DEBUG [54c10601-166b-4708-9695-0408ed70fe40] com.example.springrest.global.security.JwtAuthenticationFilter - JWT authentication successful for user: admin
2025-12-29T11:01:12,944 [http-nio-8080-exec-7] DEBUG [54c10601-166b-4708-9695-0408ed70fe40] com.example.springrest.domain.user.repository.UserInfoMapper.findAll_COUNT - ==>  Preparing: SELECT count(0) FROM CHMM_USER_INFO
2025-12-29T11:01:12,944 [http-nio-8080-exec-7] DEBUG [54c10601-166b-4708-9695-0408ed70fe40] com.example.springrest.domain.user.repository.UserInfoMapper.findAll_COUNT - ==> Parameters: 
2025-12-29T11:01:12,945 [http-nio-8080-exec-7] DEBUG [54c10601-166b-4708-9695-0408ed70fe40] com.example.springrest.domain.user.repository.UserInfoMapper.findAll_COUNT - <==      Total: 1
2025-12-29T11:01:12,945 [http-nio-8080-exec-7] DEBUG [54c10601-166b-4708-9695-0408ed70fe40] com.example.springrest.domain.user.repository.UserInfoMapper.findAll - ==>  Preparing: SELECT USER_ID, USER_EMAIL, USER_MOBILE, USER_NAME, USER_NICK, USER_PWD, USER_MSG, USER_DESC, USER_STAT_CD, USER_SNSID, USE_YN, ACCOUNT_NON_LOCK, PASSWORD_LOCK_CNT, ACCOUNT_START_DT, ACCOUNT_END_DT, PASSWORD_EXPIRE_DT, MDM_YN, SYS_INSERT_DTM, SYS_INSERT_USER_ID, SYS_UPDATE_DTM, SYS_UPDATE_USER_ID FROM CHMM_USER_INFO LIMIT ?
2025-12-29T11:01:12,945 [http-nio-8080-exec-7] DEBUG [54c10601-166b-4708-9695-0408ed70fe40] com.example.springrest.domain.user.repository.UserInfoMapper.findAll - ==> Parameters: 10(Integer)
2025-12-29T11:01:12,946 [http-nio-8080-exec-7] DEBUG [54c10601-166b-4708-9695-0408ed70fe40] com.example.springrest.domain.user.repository.UserInfoMapper.findAll - <==      Total: 1
2025-12-29T11:01:12,999 [http-nio-8080-exec-6] DEBUG [b3d334c2-07b9-4ed3-b6a6-bb12380f020e] com.example.springrest.global.security.JwtAuthenticationFilter - JWT authentication successful for user: admin
2025-12-29T11:01:13,003 [http-nio-8080-exec-6] DEBUG [b3d334c2-07b9-4ed3-b6a6-bb12380f020e] com.example.springrest.domain.user.repository.UserInfoMapper.findAll_COUNT - ==>  Preparing: SELECT count(0) FROM CHMM_USER_INFO
2025-12-29T11:01:13,003 [http-nio-8080-exec-6] DEBUG [b3d334c2-07b9-4ed3-b6a6-bb12380f020e] com.example.springrest.domain.user.repository.UserInfoMapper.findAll_COUNT - ==> Parameters: 
2025-12-29T11:01:13,008 [http-nio-8080-exec-6] DEBUG [b3d334c2-07b9-4ed3-b6a6-bb12380f020e] com.example.springrest.domain.user.repository.UserInfoMapper.findAll_COUNT - <==      Total: 1
2025-12-29T11:01:13,008 [http-nio-8080-exec-6] DEBUG [b3d334c2-07b9-4ed3-b6a6-bb12380f020e] com.example.springrest.domain.user.repository.UserInfoMapper.findAll - ==>  Preparing: SELECT USER_ID, USER_EMAIL, USER_MOBILE, USER_NAME, USER_NICK, USER_PWD, USER_MSG, USER_DESC, USER_STAT_CD, USER_SNSID, USE_YN, ACCOUNT_NON_LOCK, PASSWORD_LOCK_CNT, ACCOUNT_START_DT, ACCOUNT_END_DT, PASSWORD_EXPIRE_DT, MDM_YN, SYS_INSERT_DTM, SYS_INSERT_USER_ID, SYS_UPDATE_DTM, SYS_UPDATE_USER_ID FROM CHMM_USER_INFO LIMIT ?
2025-12-29T11:01:13,008 [http-nio-8080-exec-6] DEBUG [b3d334c2-07b9-4ed3-b6a6-bb12380f020e] com.example.springrest.domain.user.repository.UserInfoMapper.findAll - ==> Parameters: 10(Integer)
2025-12-29T11:01:13,013 [http-nio-8080-exec-6] DEBUG [b3d334c2-07b9-4ed3-b6a6-bb12380f020e] com.example.springrest.domain.user.repository.UserInfoMapper.findAll - <==      Total: 1
